<?xml version="1.0" encoding="UTF-8"?>
<!-- Generated by org.testng.reporters.JUnitReportReporter -->
<testsuite skipped="0" hostname="DESKTOP-11KEV12" name="WebDriverTest" tests="1" failures="0" timestamp="2021-11-11T17:54:28 MSK" time="16.735" errors="0">
  <testcase name="main" time="16.735" classname="WebDriverTest"/>
  <system-out/>
</testsuite> <!-- WebDriverTest -->
